<?xml version="1.0" encoding="UTF-8"?>
<testsuite name="co.ceiba.domain.PersonTest" tests="1" skipped="0" failures="0" errors="0" timestamp="2017-09-27T18:59:19" hostname="DILSON-ESCOBAR" time="0.003">
  <properties/>
  <testcase name="personaTest" classname="co.ceiba.domain.PersonTest" time="0.003"/>
  <system-out><![CDATA[]]></system-out>
  <system-err><![CDATA[]]></system-err>
</testsuite>
